<?xml version="1.0" encoding="UTF-8"?>
<!-- Generated by org.testng.reporters.JUnitXMLReporter -->
<testsuite ignored="0" hostname="WKWIN4229901" failures="0" tests="5" name="Test" time="62.149" errors="0" timestamp="18 Jan 2025 20:42:16 GMT">
  <testcase classname="Tests.Home_Page" name="validate_HomePage" time="4.075"/>
  <testcase classname="Tests.Home_Page" name="initiate_Onboarding" time="9.358"/>
  <testcase classname="Tests.Personal_DetailsPage" name="personalDetails_onboardingJourney" time="10.662"/>
  <testcase classname="Tests.Accounts_DetailsPage" name="validateEmailWithInValid" time="13.852"/>
  <testcase classname="Tests.Accounts_DetailsPage" name="validateEmailWithValidData" time="15.566"/>
</testsuite> <!-- Test -->
